<?xml version="1.0" encoding="UTF-8"?>
<testng-results ignored="0" total="13" passed="13" failed="0" skipped="0">
  <reporter-output>
  </reporter-output>
  <suite started-at="2022-08-10T23:32:33 BST" name="Surefire suite" finished-at="2022-08-10T23:35:32 BST" duration-ms="179534">
    <groups>
      <group name="cucumber">
        <method signature="AbstractTestNGCucumberTests.runScenario(io.cucumber.testng.PickleWrapper,io.cucumber.testng.FeatureWrapper)[pri:0, instance:runner.TestRunner@2805c96b]" name="runScenario" class="io.cucumber.testng.AbstractTestNGCucumberTests"/>
      </group> <!-- cucumber -->
    </groups>
    <test started-at="2022-08-10T23:32:33 BST" name="Surefire test" finished-at="2022-08-10T23:35:32 BST" duration-ms="179534">
      <class name="runner.TestRunner">
        <test-method is-config="true" signature="setUpClass(org.testng.ITestContext)[pri:0, instance:runner.TestRunner@2805c96b]" started-at="2022-08-10T23:32:33 BST" name="setUpClass" finished-at="2022-08-10T23:32:33 BST" duration-ms="623" status="PASS">
          <params>
            <param index="0">
              <value>
                <![CDATA[org.testng.TestRunner@7b122839]]>
              </value>
            </param>
          </params>
          <reporter-output>
          </reporter-output>
        </test-method> <!-- setUpClass -->
        <test-method signature="runScenario(io.cucumber.testng.PickleWrapper,io.cucumber.testng.FeatureWrapper)[pri:0, instance:runner.TestRunner@2805c96b]" started-at="2022-08-10T23:32:33 BST" name="runScenario" description="Runs Cucumber Scenarios" data-provider="scenarios" finished-at="2022-08-10T23:32:48 BST" duration-ms="14932" status="PASS">
          <params>
            <param index="0">
              <value>
                <![CDATA["Verify user should be able to log in and log out"]]>
              </value>
            </param>
            <param index="1">
              <value>
                <![CDATA["Optional[User should be able to login with valid credentials only]"]]>
              </value>
            </param>
          </params>
          <reporter-output>
          </reporter-output>
        </test-method> <!-- runScenario -->
        <test-method signature="runScenario(io.cucumber.testng.PickleWrapper,io.cucumber.testng.FeatureWrapper)[pri:0, instance:runner.TestRunner@2805c96b]" started-at="2022-08-10T23:32:48 BST" name="runScenario" description="Runs Cucumber Scenarios" data-provider="scenarios" finished-at="2022-08-10T23:33:02 BST" duration-ms="13287" status="PASS">
          <params>
            <param index="0">
              <value>
                <![CDATA["Verify user should be able to login with valid credentials"]]>
              </value>
            </param>
            <param index="1">
              <value>
                <![CDATA["Optional[User should be able to login with valid credentials only]"]]>
              </value>
            </param>
          </params>
          <reporter-output>
          </reporter-output>
        </test-method> <!-- runScenario -->
        <test-method signature="runScenario(io.cucumber.testng.PickleWrapper,io.cucumber.testng.FeatureWrapper)[pri:0, instance:runner.TestRunner@2805c96b]" started-at="2022-08-10T23:33:02 BST" name="runScenario" description="Runs Cucumber Scenarios" data-provider="scenarios" finished-at="2022-08-10T23:33:08 BST" duration-ms="6552" status="PASS">
          <params>
            <param index="0">
              <value>
                <![CDATA["Verify user should be able to login with valid credentials"]]>
              </value>
            </param>
            <param index="1">
              <value>
                <![CDATA["Optional[User should be able to login with valid credentials only]"]]>
              </value>
            </param>
          </params>
          <reporter-output>
          </reporter-output>
        </test-method> <!-- runScenario -->
        <test-method signature="runScenario(io.cucumber.testng.PickleWrapper,io.cucumber.testng.FeatureWrapper)[pri:0, instance:runner.TestRunner@2805c96b]" started-at="2022-08-10T23:33:08 BST" name="runScenario" description="Runs Cucumber Scenarios" data-provider="scenarios" finished-at="2022-08-10T23:33:15 BST" duration-ms="6962" status="PASS">
          <params>
            <param index="0">
              <value>
                <![CDATA["Verify user should be able to login with valid credentials"]]>
              </value>
            </param>
            <param index="1">
              <value>
                <![CDATA["Optional[User should be able to login with valid credentials only]"]]>
              </value>
            </param>
          </params>
          <reporter-output>
          </reporter-output>
        </test-method> <!-- runScenario -->
        <test-method signature="runScenario(io.cucumber.testng.PickleWrapper,io.cucumber.testng.FeatureWrapper)[pri:0, instance:runner.TestRunner@2805c96b]" started-at="2022-08-10T23:33:15 BST" name="runScenario" description="Runs Cucumber Scenarios" data-provider="scenarios" finished-at="2022-08-10T23:33:21 BST" duration-ms="5858" status="PASS">
          <params>
            <param index="0">
              <value>
                <![CDATA["Verify user should not be able to login with invalid credentials"]]>
              </value>
            </param>
            <param index="1">
              <value>
                <![CDATA["Optional[User should be able to login with valid credentials only]"]]>
              </value>
            </param>
          </params>
          <reporter-output>
          </reporter-output>
        </test-method> <!-- runScenario -->
        <test-method signature="runScenario(io.cucumber.testng.PickleWrapper,io.cucumber.testng.FeatureWrapper)[pri:0, instance:runner.TestRunner@2805c96b]" started-at="2022-08-10T23:33:21 BST" name="runScenario" description="Runs Cucumber Scenarios" data-provider="scenarios" finished-at="2022-08-10T23:33:26 BST" duration-ms="4901" status="PASS">
          <params>
            <param index="0">
              <value>
                <![CDATA["Verify user should not be able to login with invalid credentials"]]>
              </value>
            </param>
            <param index="1">
              <value>
                <![CDATA["Optional[User should be able to login with valid credentials only]"]]>
              </value>
            </param>
          </params>
          <reporter-output>
          </reporter-output>
        </test-method> <!-- runScenario -->
        <test-method signature="runScenario(io.cucumber.testng.PickleWrapper,io.cucumber.testng.FeatureWrapper)[pri:0, instance:runner.TestRunner@2805c96b]" started-at="2022-08-10T23:33:26 BST" name="runScenario" description="Runs Cucumber Scenarios" data-provider="scenarios" finished-at="2022-08-10T23:33:31 BST" duration-ms="5039" status="PASS">
          <params>
            <param index="0">
              <value>
                <![CDATA["Verify user should not be able to login with invalid credentials"]]>
              </value>
            </param>
            <param index="1">
              <value>
                <![CDATA["Optional[User should be able to login with valid credentials only]"]]>
              </value>
            </param>
          </params>
          <reporter-output>
          </reporter-output>
        </test-method> <!-- runScenario -->
        <test-method signature="runScenario(io.cucumber.testng.PickleWrapper,io.cucumber.testng.FeatureWrapper)[pri:0, instance:runner.TestRunner@2805c96b]" started-at="2022-08-10T23:33:31 BST" name="runScenario" description="Runs Cucumber Scenarios" data-provider="scenarios" finished-at="2022-08-10T23:33:47 BST" duration-ms="16374" status="PASS">
          <params>
            <param index="0">
              <value>
                <![CDATA["User should be able to place an order"]]>
              </value>
            </param>
            <param index="1">
              <value>
                <![CDATA["Optional[User should be able to place single or multiple orders]"]]>
              </value>
            </param>
          </params>
          <reporter-output>
          </reporter-output>
        </test-method> <!-- runScenario -->
        <test-method signature="runScenario(io.cucumber.testng.PickleWrapper,io.cucumber.testng.FeatureWrapper)[pri:0, instance:runner.TestRunner@2805c96b]" started-at="2022-08-10T23:33:47 BST" name="runScenario" description="Runs Cucumber Scenarios" data-provider="scenarios" finished-at="2022-08-10T23:34:06 BST" duration-ms="18357" status="PASS">
          <params>
            <param index="0">
              <value>
                <![CDATA["Verify user should be able to place orders with multiple item in single order"]]>
              </value>
            </param>
            <param index="1">
              <value>
                <![CDATA["Optional[User should be able to place single or multiple orders]"]]>
              </value>
            </param>
          </params>
          <reporter-output>
          </reporter-output>
        </test-method> <!-- runScenario -->
        <test-method signature="runScenario(io.cucumber.testng.PickleWrapper,io.cucumber.testng.FeatureWrapper)[pri:0, instance:runner.TestRunner@2805c96b]" started-at="2022-08-10T23:34:06 BST" name="runScenario" description="Runs Cucumber Scenarios" data-provider="scenarios" finished-at="2022-08-10T23:34:23 BST" duration-ms="17496" status="PASS">
          <params>
            <param index="0">
              <value>
                <![CDATA["Verify user should be able to place multiple orders to multiple address"]]>
              </value>
            </param>
            <param index="1">
              <value>
                <![CDATA["Optional[User should be able to place single or multiple orders]"]]>
              </value>
            </param>
          </params>
          <reporter-output>
          </reporter-output>
        </test-method> <!-- runScenario -->
        <test-method signature="runScenario(io.cucumber.testng.PickleWrapper,io.cucumber.testng.FeatureWrapper)[pri:0, instance:runner.TestRunner@2805c96b]" started-at="2022-08-10T23:34:23 BST" name="runScenario" description="Runs Cucumber Scenarios" data-provider="scenarios" finished-at="2022-08-10T23:34:40 BST" duration-ms="16486" status="PASS">
          <params>
            <param index="0">
              <value>
                <![CDATA["Verify user should be able to place multiple orders to multiple address"]]>
              </value>
            </param>
            <param index="1">
              <value>
                <![CDATA["Optional[User should be able to place single or multiple orders]"]]>
              </value>
            </param>
          </params>
          <reporter-output>
          </reporter-output>
        </test-method> <!-- runScenario -->
        <test-method signature="runScenario(io.cucumber.testng.PickleWrapper,io.cucumber.testng.FeatureWrapper)[pri:0, instance:runner.TestRunner@2805c96b]" started-at="2022-08-10T23:34:40 BST" name="runScenario" description="Runs Cucumber Scenarios" data-provider="scenarios" finished-at="2022-08-10T23:35:04 BST" duration-ms="24802" status="PASS">
          <params>
            <param index="0">
              <value>
                <![CDATA["Verify user should be able to place multiple orders in single session with single and multiple items"]]>
              </value>
            </param>
            <param index="1">
              <value>
                <![CDATA["Optional[task: User should be able to place multiple orders in single session]"]]>
              </value>
            </param>
          </params>
          <reporter-output>
          </reporter-output>
        </test-method> <!-- runScenario -->
        <test-method signature="runScenario(io.cucumber.testng.PickleWrapper,io.cucumber.testng.FeatureWrapper)[pri:0, instance:runner.TestRunner@2805c96b]" started-at="2022-08-10T23:35:04 BST" name="runScenario" description="Runs Cucumber Scenarios" data-provider="scenarios" finished-at="2022-08-10T23:35:32 BST" duration-ms="27273" status="PASS">
          <params>
            <param index="0">
              <value>
                <![CDATA["Verify user should be able to place multiple orders in single session with single and multiple items"]]>
              </value>
            </param>
            <param index="1">
              <value>
                <![CDATA["Optional[task: User should be able to place multiple orders in single session]"]]>
              </value>
            </param>
          </params>
          <reporter-output>
          </reporter-output>
        </test-method> <!-- runScenario -->
        <test-method is-config="true" signature="tearDownClass()[pri:0, instance:runner.TestRunner@2805c96b]" started-at="2022-08-10T23:35:32 BST" name="tearDownClass" finished-at="2022-08-10T23:35:32 BST" duration-ms="486" status="PASS">
          <reporter-output>
          </reporter-output>
        </test-method> <!-- tearDownClass -->
      </class> <!-- runner.TestRunner -->
    </test> <!-- Surefire test -->
  </suite> <!-- Surefire suite -->
</testng-results>
